[INFO ] 2025-05-14 23:05:55.836 [main] LoggerLoad - RegisterTests Link clicked
[INFO ] 2025-05-14 23:14:32.474 [main] LoggerLoad - RegisterTests Link clicked
[INFO ] 2025-05-14 23:15:16.839 [main] LoggerLoad - RegisterTests Link clicked
[INFO ] 2025-05-14 23:15:17.299 [main] LoggerLoad - RegisterTests test data: [{password=, password confirmation=, username=}, {password=, password confirmation=, username=NumpyNinja}, {password=Querty1, password confirmation=, username=NinjaGalaxy}, {password=Querty1, password confirmation=Querty1, username=Ninja Galaxy}, {password=testingdemo, password confirmation=Querty1, username=Ninja_Galaxy}, {password=259603.0, password confirmation=259603.0, username=Ninja_Galaxy}, {password=testingdemo, password confirmation=testingdemo123, username=Ninja_Galaxy123}, {password=We_team3, password confirmation=We_team3, username=Ninja_Galaxy20}, {password=, password confirmation=, username=}]
[INFO ] 2025-05-14 23:15:17.560 [main] LoggerLoad - Filled registration form with -> Username: Ninja_Galaxy20, Password: We_team3, Confirm Password: We_team3
[INFO ] 2025-05-14 23:15:19.844 [main] LoggerLoad - Clicked on RegisterTests button
[INFO ] 2025-05-14 23:15:44.522 [main] LoggerLoad - RegisterTests Link clicked
[INFO ] 2025-05-14 23:24:11.249 [main] LoggerLoad - RegisterTests Link clicked
[INFO ] 2025-05-14 23:24:11.693 [main] LoggerLoad - RegisterTests test data: [{password=, password confirmation=, username=}, {password=, password confirmation=, username=NumpyNinja}, {password=Querty1, password confirmation=, username=NinjaGalaxy}, {password=Querty1, password confirmation=Querty1, username=Ninja Galaxy}, {password=testingdemo, password confirmation=Querty1, username=Ninja_Galaxy}, {password=259603.0, password confirmation=259603.0, username=Ninja_Galaxy}, {password=testingdemo, password confirmation=testingdemo123, username=Ninja_Galaxy123}, {password=We_team3, password confirmation=We_team3, username=Ninja_Galaxy20}, {password=, password confirmation=, username=}]
[INFO ] 2025-05-15 03:21:10.843 [main] LoggerLoad - RegisterTests Link clicked
[INFO ] 2025-05-15 03:21:11.279 [main] LoggerLoad - RegisterTests test data: [{password=, password confirmation=, username=}, {password=, password confirmation=, username=NumpyNinja}, {password=Querty1, password confirmation=, username=NinjaGalaxy}, {password=Querty1, password confirmation=Querty1, username=Ninja Galaxy}, {password=testingdemo, password confirmation=Querty1, username=Ninja_Galaxy}, {password=259603.0, password confirmation=259603.0, username=Ninja_Galaxy}, {password=testingdemo, password confirmation=testingdemo123, username=Ninja_Galaxy123}, {password=We_team3, password confirmation=We_team3, username=Ninja_Galaxy20}, {password=, password confirmation=, username=}]
[INFO ] 2025-05-15 03:21:11.500 [main] LoggerLoad - Filled registration form with -> Username: Ninja Galaxy, Password: Querty1, Confirm Password: Querty1
[INFO ] 2025-05-15 03:21:11.672 [main] LoggerLoad - Clicked on RegisterTests button
[INFO ] 2025-05-15 03:21:26.343 [main] LoggerLoad - RegisterTests Link clicked
[INFO ] 2025-05-15 03:21:26.708 [main] LoggerLoad - RegisterTests test data: [{password=, password confirmation=, username=}, {password=, password confirmation=, username=NumpyNinja}, {password=Querty1, password confirmation=, username=NinjaGalaxy}, {password=Querty1, password confirmation=Querty1, username=Ninja Galaxy}, {password=testingdemo, password confirmation=Querty1, username=Ninja_Galaxy}, {password=259603.0, password confirmation=259603.0, username=Ninja_Galaxy}, {password=testingdemo, password confirmation=testingdemo123, username=Ninja_Galaxy123}, {password=We_team3, password confirmation=We_team3, username=Ninja_Galaxy20}, {password=, password confirmation=, username=}]
[INFO ] 2025-05-15 03:21:26.919 [main] LoggerLoad - Filled registration form with -> Username: Ninja Galaxy, Password: Querty1, Confirm Password: Querty1
[INFO ] 2025-05-15 03:21:27.005 [main] LoggerLoad - Clicked on RegisterTests button
[INFO ] 2025-05-15 03:26:24.052 [main] LoggerLoad - DS Get Started Button Clicked
[INFO ] 2025-05-15 03:27:44.199 [main] LoggerLoad - DS-Introduction Get Started Button 
[INFO ] 2025-05-15 03:27:44.538 [main] LoggerLoad - DS-Introduction Get Started Button 
[INFO ] 2025-05-15 03:51:42.847 [main] LoggerLoad - DS-Introduction Get Started Button 
[INFO ] 2025-05-15 03:51:42.972 [main] LoggerLoad - Sign In Link on Homepage clicked
[INFO ] 2025-05-15 03:51:42.973 [main] LoggerLoad - Reading code from Excel sheet: Login, Row: 0
[INFO ] 2025-05-15 03:51:43.383 [main] LoggerLoad - Editor Code is -->null
[ERROR] 2025-05-15 03:51:43.383 [main] LoggerLoad - No code found for the specified row in the Excel sheet.
[INFO ] 2025-05-15 03:52:43.570 [main] LoggerLoad - DS-Introduction Get Started Button 
[INFO ] 2025-05-15 03:52:43.715 [main] LoggerLoad - Sign In Link on Homepage clicked
[INFO ] 2025-05-15 03:52:43.716 [main] LoggerLoad - Reading code from Excel sheet: login, Row: 1
[INFO ] 2025-05-15 03:52:44.091 [main] LoggerLoad - Editor Code is -->null
[ERROR] 2025-05-15 03:52:44.091 [main] LoggerLoad - No code found for the specified row in the Excel sheet.
[INFO ] 2025-05-15 03:55:16.977 [main] LoggerLoad - RegisterTests Link clicked
[INFO ] 2025-05-15 03:55:17.350 [main] LoggerLoad - RegisterTests test data: [{password=, password confirmation=, username=}, {password=, password confirmation=, username=NumpyNinja}, {password=Querty1, password confirmation=, username=NinjaGalaxy}, {password=Querty1, password confirmation=Querty1, username=Ninja Galaxy}, {password=testingdemo, password confirmation=Querty1, username=Ninja_Galaxy}, {password=259603.0, password confirmation=259603.0, username=Ninja_Galaxy}, {password=testingdemo, password confirmation=testingdemo123, username=Ninja_Galaxy123}, {password=We_team3, password confirmation=We_team3, username=Ninja_Galaxy20}, {password=, password confirmation=, username=}]
[INFO ] 2025-05-15 03:55:17.556 [main] LoggerLoad - Filled registration form with -> Username: Ninja Galaxy, Password: Querty1, Confirm Password: Querty1
[INFO ] 2025-05-15 03:55:17.718 [main] LoggerLoad - Clicked on RegisterTests button
[INFO ] 2025-05-15 03:59:27.235 [main] LoggerLoad - DS-Introduction Get Started Button 
[INFO ] 2025-05-15 03:59:27.432 [main] LoggerLoad - Sign In Link on Homepage clicked
[INFO ] 2025-05-15 03:59:27.433 [main] LoggerLoad - Reading code from Excel sheet: login, Row: 0
[INFO ] 2025-05-15 03:59:27.798 [main] LoggerLoad - Editor Code is -->null
[ERROR] 2025-05-15 03:59:27.798 [main] LoggerLoad - No code found for the specified row in the Excel sheet.
[INFO ] 2025-05-15 04:03:28.373 [main] LoggerLoad - DS-Introduction Get Started Button 
[INFO ] 2025-05-15 04:03:28.543 [main] LoggerLoad - Sign In Link on Homepage clicked
[INFO ] 2025-05-15 04:03:29.061 [main] LoggerLoad - Entered data from Excel
[INFO ] 2025-05-15 04:03:39.757 [main] LoggerLoad - DS-Introduction Get Started Button 
[INFO ] 2025-05-15 04:03:39.938 [main] LoggerLoad - Sign In Link on Homepage clicked
[INFO ] 2025-05-15 04:03:40.507 [main] LoggerLoad - Entered data from Excel
[INFO ] 2025-05-15 04:04:52.924 [main] LoggerLoad - Sign In Link on Homepage clicked
[INFO ] 2025-05-15 04:04:53.413 [main] LoggerLoad - Entered data from Excel
[INFO ] 2025-05-15 04:04:54.496 [main] LoggerLoad - DS-Introduction Get Started Button 
[INFO ] 2025-05-15 04:04:54.735 [main] LoggerLoad - Time Complexity Link Clicked
[INFO ] 2025-05-15 04:04:55.385 [main] LoggerLoad - Reading code from Excel sheet: tryEditorCode, Row: 0
[INFO ] 2025-05-15 04:04:55.444 [main] LoggerLoad - Editor Code is -->print('Python is fun!');
[INFO ] 2025-05-15 04:04:55.605 [main] LoggerLoad - Clicked the Run button.
[INFO ] 2025-05-15 04:04:55.648 [main] LoggerLoad - Console output: Python is fun!
[INFO ] 2025-05-15 04:05:10.523 [main] LoggerLoad - Sign In Link on Homepage clicked
[INFO ] 2025-05-15 04:05:10.997 [main] LoggerLoad - Entered data from Excel
[INFO ] 2025-05-15 04:05:11.821 [main] LoggerLoad - DS-Introduction Get Started Button 
[INFO ] 2025-05-15 04:05:12.104 [main] LoggerLoad - Time Complexity Link Clicked
[INFO ] 2025-05-15 04:05:12.875 [main] LoggerLoad - Reading code from Excel sheet: tryEditorCode, Row: 1
[INFO ] 2025-05-15 04:05:12.935 [main] LoggerLoad - Editor Code is -->This is a test message !
[INFO ] 2025-05-15 04:05:13.109 [main] LoggerLoad - Clicked the Run button.
[INFO ] 2025-05-15 04:05:13.126 [main] LoggerLoad - Alert present: SyntaxError: bad input on line 1
[INFO ] 2025-05-15 04:05:36.767 [main] LoggerLoad - Sign In Link on Homepage clicked
[INFO ] 2025-05-15 04:05:37.247 [main] LoggerLoad - Entered data from Excel
[INFO ] 2025-05-15 04:05:38.070 [main] LoggerLoad - DS-Introduction Get Started Button 
[INFO ] 2025-05-15 04:05:38.305 [main] LoggerLoad - Time Complexity Link Clicked
[INFO ] 2025-05-15 04:05:38.986 [main] LoggerLoad - Reading code from Excel sheet: tryEditorCode, Row: 0
[INFO ] 2025-05-15 04:05:39.049 [main] LoggerLoad - Editor Code is -->print('Python is fun!');
[INFO ] 2025-05-15 04:05:39.197 [main] LoggerLoad - Clicked the Run button.
[INFO ] 2025-05-15 04:05:39.236 [main] LoggerLoad - Console output: Python is fun!
[INFO ] 2025-05-15 04:06:52.714 [main] LoggerLoad - Sign In Link on Homepage clicked
[INFO ] 2025-05-15 04:06:53.228 [main] LoggerLoad - Entered data from Excel
[INFO ] 2025-05-15 04:06:54.256 [main] LoggerLoad - DS-Introduction Get Started Button 
[INFO ] 2025-05-15 04:06:54.485 [main] LoggerLoad - Time Complexity Link Clicked
[INFO ] 2025-05-15 04:06:55.169 [main] LoggerLoad - Reading code from Excel sheet: tryEditorCode, Row: 1
[INFO ] 2025-05-15 04:06:55.233 [main] LoggerLoad - Editor Code is -->This is a test message !
[INFO ] 2025-05-15 04:06:55.392 [main] LoggerLoad - Clicked the Run button.
[INFO ] 2025-05-15 04:06:55.407 [main] LoggerLoad - Alert present: SyntaxError: bad input on line 1
[INFO ] 2025-05-15 04:07:17.755 [main] LoggerLoad - Sign In Link on Homepage clicked
[INFO ] 2025-05-15 04:07:18.275 [main] LoggerLoad - Entered data from Excel
[INFO ] 2025-05-15 04:07:19.154 [main] LoggerLoad - DS-Introduction Get Started Button 
[INFO ] 2025-05-15 04:07:19.383 [main] LoggerLoad - Time Complexity Link Clicked
[INFO ] 2025-05-15 04:07:20.063 [main] LoggerLoad - Reading code from Excel sheet: tryEditorCode, Row: 1
[INFO ] 2025-05-15 04:07:20.122 [main] LoggerLoad - Editor Code is -->This is a test message !
[INFO ] 2025-05-15 04:07:20.281 [main] LoggerLoad - Clicked the Run button.
[INFO ] 2025-05-15 04:07:20.296 [main] LoggerLoad - Alert present: SyntaxError: bad input on line 1
[INFO ] 2025-05-15 04:17:24.081 [main] LoggerLoad - Sign In Link on Homepage clicked
[INFO ] 2025-05-15 04:17:24.541 [main] LoggerLoad - Entered data from Excel
[INFO ] 2025-05-15 04:17:25.396 [main] LoggerLoad - DS-Introduction Get Started Button 
[INFO ] 2025-05-15 04:17:25.698 [main] LoggerLoad - Time Complexity Link Clicked
[INFO ] 2025-05-15 04:17:26.581 [main] LoggerLoad - Reading code from Excel sheet: tryEditorCode, Row: 0
[INFO ] 2025-05-15 04:17:26.639 [main] LoggerLoad - Editor Code is -->print('Python is fun!');
[INFO ] 2025-05-15 04:17:26.792 [main] LoggerLoad - Clicked the Run button.
[INFO ] 2025-05-15 04:17:26.830 [main] LoggerLoad - Console output: Python is fun!
[INFO ] 2025-05-15 04:18:29.458 [main] LoggerLoad - Sign In Link on Homepage clicked
[INFO ] 2025-05-15 04:18:29.960 [main] LoggerLoad - Entered data from Excel
[INFO ] 2025-05-15 04:18:40.872 [main] LoggerLoad - DS-Introduction Get Started Button 
[INFO ] 2025-05-15 04:18:41.142 [main] LoggerLoad - Time Complexity Link Clicked
[INFO ] 2025-05-15 04:18:41.958 [main] LoggerLoad - Reading code from Excel sheet: tryEditorCode, Row: 0
[INFO ] 2025-05-15 04:18:42.009 [main] LoggerLoad - Editor Code is -->print('Python is fun!');
[INFO ] 2025-05-15 04:18:42.175 [main] LoggerLoad - Clicked the Run button.
[INFO ] 2025-05-15 04:18:42.211 [main] LoggerLoad - Console output: Python is fun!
[INFO ] 2025-05-15 04:19:24.291 [main] LoggerLoad - Sign In Link on Homepage clicked
[INFO ] 2025-05-15 04:19:24.757 [main] LoggerLoad - Entered data from Excel
[INFO ] 2025-05-15 04:19:25.644 [main] LoggerLoad - DS-Introduction Get Started Button 
[INFO ] 2025-05-15 04:19:25.910 [main] LoggerLoad - Time Complexity Link Clicked
[INFO ] 2025-05-15 04:19:26.738 [main] LoggerLoad - Reading code from Excel sheet: tryEditorCode, Row: 1
[INFO ] 2025-05-15 04:19:26.796 [main] LoggerLoad - Editor Code is -->This is a test message !
[INFO ] 2025-05-15 04:19:26.954 [main] LoggerLoad - Clicked the Run button.
[INFO ] 2025-05-15 04:19:26.968 [main] LoggerLoad - Alert present: SyntaxError: bad input on line 1
[INFO ] 2025-05-15 04:21:11.761 [main] LoggerLoad - Sign In Link on Homepage clicked
[INFO ] 2025-05-15 04:21:12.228 [main] LoggerLoad - Entered data from Excel
[INFO ] 2025-05-15 04:21:13.196 [main] LoggerLoad - DS-Introduction Get Started Button 
[INFO ] 2025-05-15 04:21:13.433 [main] LoggerLoad - Time Complexity Link Clicked
[INFO ] 2025-05-15 04:21:14.233 [main] LoggerLoad - Reading code from Excel sheet: tryEditorCode, Row: 1
[INFO ] 2025-05-15 04:21:14.288 [main] LoggerLoad - Editor Code is -->This is a test message !
[INFO ] 2025-05-15 04:21:14.447 [main] LoggerLoad - Clicked the Run button.
[INFO ] 2025-05-15 04:21:14.461 [main] LoggerLoad - Alert present: SyntaxError: bad input on line 1
[INFO ] 2025-05-15 04:21:44.639 [main] LoggerLoad - Sign In Link on Homepage clicked
[INFO ] 2025-05-15 04:21:45.120 [main] LoggerLoad - Entered data from Excel
[INFO ] 2025-05-15 04:21:45.944 [main] LoggerLoad - DS-Introduction Get Started Button 
[INFO ] 2025-05-15 04:21:46.209 [main] LoggerLoad - Time Complexity Link Clicked
[INFO ] 2025-05-15 04:21:46.913 [main] LoggerLoad - Reading code from Excel sheet: tryEditorCode, Row: 1
[INFO ] 2025-05-15 04:21:46.971 [main] LoggerLoad - Editor Code is -->This is a test message !
[INFO ] 2025-05-15 04:21:47.141 [main] LoggerLoad - Clicked the Run button.
[INFO ] 2025-05-15 04:21:47.158 [main] LoggerLoad - Alert present: SyntaxError: bad input on line 1
[INFO ] 2025-05-15 04:22:41.838 [main] LoggerLoad - Sign In Link on Homepage clicked
[INFO ] 2025-05-15 04:22:42.409 [main] LoggerLoad - Entered data from Excel
[INFO ] 2025-05-15 04:22:43.447 [main] LoggerLoad - DS-Introduction Get Started Button 
[INFO ] 2025-05-15 04:22:43.745 [main] LoggerLoad - Time Complexity Link Clicked
[INFO ] 2025-05-15 04:22:44.470 [main] LoggerLoad - Reading code from Excel sheet: tryEditorCode, Row: 0
[INFO ] 2025-05-15 04:22:44.540 [main] LoggerLoad - Editor Code is -->print('Python is fun!');
[INFO ] 2025-05-15 04:22:44.711 [main] LoggerLoad - Clicked the Run button.
[INFO ] 2025-05-15 04:22:44.752 [main] LoggerLoad - Console output: Python is fun!
[INFO ] 2025-05-15 04:22:56.094 [main] LoggerLoad - Sign In Link on Homepage clicked
[INFO ] 2025-05-15 04:22:56.558 [main] LoggerLoad - Entered data from Excel
[INFO ] 2025-05-15 04:22:57.354 [main] LoggerLoad - DS-Introduction Get Started Button 
[INFO ] 2025-05-15 04:22:57.624 [main] LoggerLoad - Time Complexity Link Clicked
[INFO ] 2025-05-15 04:22:58.316 [main] LoggerLoad - Reading code from Excel sheet: tryEditorCode, Row: 1
[INFO ] 2025-05-15 04:22:58.371 [main] LoggerLoad - Editor Code is -->This is a test message !
[INFO ] 2025-05-15 04:22:58.514 [main] LoggerLoad - Clicked the Run button.
[INFO ] 2025-05-15 04:22:58.528 [main] LoggerLoad - Alert present: SyntaxError: bad input on line 1
[INFO ] 2025-05-18 14:43:24.236 [main] LoggerLoad - Sign In Link on Homepage clicked
[INFO ] 2025-05-18 14:43:24.815 [main] LoggerLoad - Entered data from Excel
[INFO ] 2025-05-18 14:43:26.107 [main] LoggerLoad - DS-Introduction Get Started Button 
[INFO ] 2025-05-18 14:43:26.375 [main] LoggerLoad - Time Complexity Link Clicked
[INFO ] 2025-05-18 14:43:27.304 [main] LoggerLoad - Reading code from Excel sheet: tryEditorCode, Row: 1
[INFO ] 2025-05-18 14:43:27.373 [main] LoggerLoad - Editor Code is -->This is a test message !
[INFO ] 2025-05-18 14:43:27.543 [main] LoggerLoad - Clicked the Run button.
[INFO ] 2025-05-18 14:43:27.741 [main] LoggerLoad - Browser closed successfully.
[INFO ] 2025-05-18 14:43:30.841 [main] LoggerLoad - Sign In Link on Homepage clicked
[INFO ] 2025-05-18 14:43:31.039 [main] LoggerLoad - Entered data from Excel
[INFO ] 2025-05-18 14:43:37.148 [main] LoggerLoad - DS-Introduction Get Started Button 
[INFO ] 2025-05-18 14:43:37.407 [main] LoggerLoad - Time Complexity Link Clicked
[INFO ] 2025-05-18 14:43:38.281 [main] LoggerLoad - Reading code from Excel sheet: tryEditorCode, Row: 0
[INFO ] 2025-05-18 14:43:38.322 [main] LoggerLoad - Editor Code is -->print('Python is fun!');
[INFO ] 2025-05-18 14:43:38.482 [main] LoggerLoad - Clicked the Run button.
[INFO ] 2025-05-18 14:43:38.517 [main] LoggerLoad - Console output: Python is fun!
[INFO ] 2025-05-18 14:43:38.694 [main] LoggerLoad - Browser closed successfully.
[INFO ] 2025-05-18 14:43:41.903 [main] LoggerLoad - RegisterTests Link clicked
[INFO ] 2025-05-18 14:43:46.942 [main] LoggerLoad - RegisterTests test data: [{password=, password confirmation=, username=}, {password=, password confirmation=, username=NumpyNinja}, {password=Querty1, password confirmation=, username=NinjaGalaxy}, {password=Querty1, password confirmation=Querty1, username=Ninja Galaxy}, {password=testingdemo, password confirmation=Querty1, username=Ninja_Galaxy}, {password=259603.0, password confirmation=259603.0, username=Ninja_Galaxy}, {password=testingdemo, password confirmation=testingdemo123, username=Ninja_Galaxy123}, {password=We_team3, password confirmation=We_team3, username=Ninja_Galaxy20}, {password=, password confirmation=, username=}]
[INFO ] 2025-05-18 14:43:47.064 [main] LoggerLoad - Filled registration form with -> Username: , Password: , Confirm Password: 
[INFO ] 2025-05-18 14:43:47.132 [main] LoggerLoad - Clicked on RegisterTests button
[INFO ] 2025-05-18 14:43:47.159 [main] LoggerLoad - ValidationMessage: Please fill out this field.
[INFO ] 2025-05-18 14:43:47.288 [main] LoggerLoad - Browser closed successfully.
[INFO ] 2025-05-18 14:43:50.540 [main] LoggerLoad - RegisterTests Link clicked
[INFO ] 2025-05-18 14:43:50.590 [main] LoggerLoad - RegisterTests test data: [{password=, password confirmation=, username=}, {password=, password confirmation=, username=NumpyNinja}, {password=Querty1, password confirmation=, username=NinjaGalaxy}, {password=Querty1, password confirmation=Querty1, username=Ninja Galaxy}, {password=testingdemo, password confirmation=Querty1, username=Ninja_Galaxy}, {password=259603.0, password confirmation=259603.0, username=Ninja_Galaxy}, {password=testingdemo, password confirmation=testingdemo123, username=Ninja_Galaxy123}, {password=We_team3, password confirmation=We_team3, username=Ninja_Galaxy20}, {password=, password confirmation=, username=}]
[INFO ] 2025-05-18 14:43:50.788 [main] LoggerLoad - Filled registration form with -> Username: NinjaGalaxy, Password: Querty1, Confirm Password: 
[INFO ] 2025-05-18 14:43:50.851 [main] LoggerLoad - Clicked on RegisterTests button
[INFO ] 2025-05-18 14:44:01.051 [main] LoggerLoad - Browser closed successfully.
[INFO ] 2025-05-18 14:44:04.328 [main] LoggerLoad - RegisterTests Link clicked
[INFO ] 2025-05-18 14:44:09.355 [main] LoggerLoad - RegisterTests test data: [{password=, password confirmation=, username=}, {password=, password confirmation=, username=NumpyNinja}, {password=Querty1, password confirmation=, username=NinjaGalaxy}, {password=Querty1, password confirmation=Querty1, username=Ninja Galaxy}, {password=testingdemo, password confirmation=Querty1, username=Ninja_Galaxy}, {password=259603.0, password confirmation=259603.0, username=Ninja_Galaxy}, {password=testingdemo, password confirmation=testingdemo123, username=Ninja_Galaxy123}, {password=We_team3, password confirmation=We_team3, username=Ninja_Galaxy20}, {password=, password confirmation=, username=}]
[INFO ] 2025-05-18 14:44:09.536 [main] LoggerLoad - Filled registration form with -> Username: NumpyNinja, Password: , Confirm Password: 
[INFO ] 2025-05-18 14:44:09.607 [main] LoggerLoad - Clicked on RegisterTests button
[INFO ] 2025-05-18 14:44:19.763 [main] LoggerLoad - Browser closed successfully.
[INFO ] 2025-05-18 14:44:22.912 [main] LoggerLoad - RegisterTests Link clicked
[INFO ] 2025-05-18 14:44:27.940 [main] LoggerLoad - RegisterTests test data: [{password=, password confirmation=, username=}, {password=, password confirmation=, username=NumpyNinja}, {password=Querty1, password confirmation=, username=NinjaGalaxy}, {password=Querty1, password confirmation=Querty1, username=Ninja Galaxy}, {password=testingdemo, password confirmation=Querty1, username=Ninja_Galaxy}, {password=259603.0, password confirmation=259603.0, username=Ninja_Galaxy}, {password=testingdemo, password confirmation=testingdemo123, username=Ninja_Galaxy123}, {password=We_team3, password confirmation=We_team3, username=Ninja_Galaxy20}, {password=, password confirmation=, username=}]
[INFO ] 2025-05-18 14:44:28.134 [main] LoggerLoad - Filled registration form with -> Username: Ninja_Galaxy, Password: testingdemo, Confirm Password: Querty1
[INFO ] 2025-05-18 14:44:28.203 [main] LoggerLoad - Clicked on RegisterTests button
[INFO ] 2025-05-18 14:44:28.493 [main] LoggerLoad - Browser closed successfully.
[INFO ] 2025-05-18 14:44:31.579 [main] LoggerLoad - Sign In Link on Homepage clicked
[INFO ] 2025-05-18 14:44:31.781 [main] LoggerLoad - Entered data from Excel
[INFO ] 2025-05-18 14:44:32.896 [main] LoggerLoad - ArrayTests Get Started Button clicked
[INFO ] 2025-05-18 14:44:33.561 [main] LoggerLoad - Clicking Arrays in Python link
[INFO ] 2025-05-18 14:44:34.296 [main] LoggerLoad - Reading code from Excel sheet: tryEditorCode, Row: 0
[INFO ] 2025-05-18 14:44:34.335 [main] LoggerLoad - Editor Code is -->print('Python is fun!');
[INFO ] 2025-05-18 14:44:34.488 [main] LoggerLoad - Clicked the Run button.
[INFO ] 2025-05-18 14:44:34.521 [main] LoggerLoad - Console output: Python is fun!
[INFO ] 2025-05-18 14:44:34.642 [main] LoggerLoad - Browser closed successfully.
[INFO ] 2025-05-18 14:44:37.607 [main] LoggerLoad - Sign In Link on Homepage clicked
[INFO ] 2025-05-18 14:44:37.831 [main] LoggerLoad - Entered data from Excel
[INFO ] 2025-05-18 14:44:44.018 [main] LoggerLoad - ArrayTests Get Started Button clicked
[INFO ] 2025-05-18 14:44:45.035 [main] LoggerLoad - Clicking Arrays in Python link
[INFO ] 2025-05-18 14:44:45.856 [main] LoggerLoad - Reading code from Excel sheet: tryEditorCode, Row: 1
[INFO ] 2025-05-18 14:44:45.887 [main] LoggerLoad - Editor Code is -->This is a test message !
[INFO ] 2025-05-18 14:44:46.077 [main] LoggerLoad - Clicked the Run button.
[INFO ] 2025-05-18 14:44:46.245 [main] LoggerLoad - Browser closed successfully.
[INFO ] 2025-05-18 14:44:49.581 [main] LoggerLoad - Sign In Link on Homepage clicked
[INFO ] 2025-05-18 14:44:49.796 [main] LoggerLoad - Entered data from Excel
[INFO ] 2025-05-18 14:44:55.968 [main] LoggerLoad - ArrayTests Get Started Button clicked
[INFO ] 2025-05-18 14:44:56.272 [main] LoggerLoad - Clicking Arrays Using List link
[INFO ] 2025-05-18 14:44:56.904 [main] LoggerLoad - Reading code from Excel sheet: tryEditorCode, Row: 0
[INFO ] 2025-05-18 14:44:56.931 [main] LoggerLoad - Editor Code is -->print('Python is fun!');
[INFO ] 2025-05-18 14:44:57.082 [main] LoggerLoad - Clicked the Run button.
[INFO ] 2025-05-18 14:44:57.115 [main] LoggerLoad - Console output: Python is fun!
[INFO ] 2025-05-18 14:44:57.245 [main] LoggerLoad - Browser closed successfully.
[INFO ] 2025-05-18 14:45:00.376 [main] LoggerLoad - Sign In Link on Homepage clicked
[INFO ] 2025-05-18 14:45:00.586 [main] LoggerLoad - Entered data from Excel
[INFO ] 2025-05-18 14:45:06.660 [main] LoggerLoad - ArrayTests Get Started Button clicked
[INFO ] 2025-05-18 14:45:06.915 [main] LoggerLoad - Clicking Arrays Using List link
[INFO ] 2025-05-18 14:45:07.612 [main] LoggerLoad - Reading code from Excel sheet: tryEditorCode, Row: 1
[INFO ] 2025-05-18 14:45:07.633 [main] LoggerLoad - Editor Code is -->This is a test message !
[INFO ] 2025-05-18 14:45:07.784 [main] LoggerLoad - Clicked the Run button.
[INFO ] 2025-05-18 14:45:07.918 [main] LoggerLoad - Browser closed successfully.
[INFO ] 2025-05-18 14:45:10.909 [main] LoggerLoad - Sign In Link on Homepage clicked
[INFO ] 2025-05-18 14:45:11.080 [main] LoggerLoad - Entered data from Excel
[INFO ] 2025-05-18 14:45:17.270 [main] LoggerLoad - ArrayTests Get Started Button clicked
[INFO ] 2025-05-18 14:45:17.545 [main] LoggerLoad - Clicking Basic Operations In Lists link
[INFO ] 2025-05-18 14:45:18.460 [main] LoggerLoad - Reading code from Excel sheet: tryEditorCode, Row: 0
[INFO ] 2025-05-18 14:45:18.476 [main] LoggerLoad - Editor Code is -->print('Python is fun!');
[INFO ] 2025-05-18 14:45:18.620 [main] LoggerLoad - Clicked the Run button.
[INFO ] 2025-05-18 14:45:18.660 [main] LoggerLoad - Console output: Python is fun!
[INFO ] 2025-05-18 14:45:18.797 [main] LoggerLoad - Browser closed successfully.
[INFO ] 2025-05-18 14:45:21.832 [main] LoggerLoad - Sign In Link on Homepage clicked
[INFO ] 2025-05-18 14:45:22.013 [main] LoggerLoad - Entered data from Excel
[INFO ] 2025-05-18 14:45:28.099 [main] LoggerLoad - ArrayTests Get Started Button clicked
[INFO ] 2025-05-18 14:45:28.399 [main] LoggerLoad - Clicking Basic Operations In Lists link
[INFO ] 2025-05-18 14:45:29.033 [main] LoggerLoad - Reading code from Excel sheet: tryEditorCode, Row: 1
[INFO ] 2025-05-18 14:45:29.052 [main] LoggerLoad - Editor Code is -->This is a test message !
[INFO ] 2025-05-18 14:45:29.209 [main] LoggerLoad - Clicked the Run button.
[INFO ] 2025-05-18 14:45:29.345 [main] LoggerLoad - Browser closed successfully.
[INFO ] 2025-05-18 14:45:32.279 [main] LoggerLoad - Sign In Link on Homepage clicked
[INFO ] 2025-05-18 14:45:32.448 [main] LoggerLoad - Entered data from Excel
[INFO ] 2025-05-18 14:45:38.498 [main] LoggerLoad - ArrayTests Get Started Button clicked
[INFO ] 2025-05-18 14:45:38.844 [main] LoggerLoad - Clicking Applications Of ArrayTests link
[INFO ] 2025-05-18 14:45:39.507 [main] LoggerLoad - Reading code from Excel sheet: tryEditorCode, Row: 0
[INFO ] 2025-05-18 14:45:39.532 [main] LoggerLoad - Editor Code is -->print('Python is fun!');
[INFO ] 2025-05-18 14:45:39.666 [main] LoggerLoad - Clicked the Run button.
[INFO ] 2025-05-18 14:45:39.704 [main] LoggerLoad - Console output: Python is fun!
[INFO ] 2025-05-18 14:45:39.880 [main] LoggerLoad - Browser closed successfully.
[INFO ] 2025-05-18 14:45:42.900 [main] LoggerLoad - Sign In Link on Homepage clicked
[INFO ] 2025-05-18 14:45:43.091 [main] LoggerLoad - Entered data from Excel
[INFO ] 2025-05-18 14:45:49.237 [main] LoggerLoad - ArrayTests Get Started Button clicked
[INFO ] 2025-05-18 14:45:49.543 [main] LoggerLoad - Clicking Applications Of ArrayTests link
[INFO ] 2025-05-18 14:45:50.457 [main] LoggerLoad - Reading code from Excel sheet: tryEditorCode, Row: 1
[INFO ] 2025-05-18 14:45:50.471 [main] LoggerLoad - Editor Code is -->This is a test message !
[INFO ] 2025-05-18 14:45:50.625 [main] LoggerLoad - Clicked the Run button.
[INFO ] 2025-05-18 14:45:50.760 [main] LoggerLoad - Browser closed successfully.
[INFO ] 2025-05-18 14:45:53.737 [main] LoggerLoad - Sign In Link on Homepage clicked
[INFO ] 2025-05-18 14:45:53.903 [main] LoggerLoad - Entered data from Excel
[INFO ] 2025-05-18 14:45:59.999 [main] LoggerLoad - ArrayTests Get Started Button clicked
[INFO ] 2025-05-18 14:46:00.319 [main] LoggerLoad - Clicking Arrays in Python link
[INFO ] 2025-05-18 14:46:00.566 [main] LoggerLoad - Practice Questions link clicked
[INFO ] 2025-05-18 14:46:01.368 [main] LoggerLoad - Clicking Search the ArrayTests link
[INFO ] 2025-05-18 14:46:01.369 [main] LoggerLoad - Reading code from Excel sheet: ArrayPracticeQnsQ1, Row: 0
[INFO ] 2025-05-18 14:46:01.392 [main] LoggerLoad - Editor Code is -->def search(input_list, num):
    if num in input_list:
        print("Element Found")
    else:
        print("Not Found")

search([12, 23, 45, 67, 6, 90], 12)
[INFO ] 2025-05-18 14:46:01.558 [main] LoggerLoad - Clicked the Run button.
[INFO ] 2025-05-18 14:46:01.602 [main] LoggerLoad - Console output: Element Found
[INFO ] 2025-05-18 14:46:01.746 [main] LoggerLoad - Browser closed successfully.
[INFO ] 2025-05-18 14:46:04.746 [main] LoggerLoad - Sign In Link on Homepage clicked
[INFO ] 2025-05-18 14:46:04.920 [main] LoggerLoad - Entered data from Excel
[INFO ] 2025-05-18 14:46:10.917 [main] LoggerLoad - ArrayTests Get Started Button clicked
[INFO ] 2025-05-18 14:46:11.250 [main] LoggerLoad - Clicking Arrays in Python link
[INFO ] 2025-05-18 14:46:11.459 [main] LoggerLoad - Practice Questions link clicked
[INFO ] 2025-05-18 14:46:12.136 [main] LoggerLoad - Clicking Search the ArrayTests link
[INFO ] 2025-05-18 14:46:12.136 [main] LoggerLoad - Reading code from Excel sheet: ArrayPracticeQnsQ1, Row: 1
[INFO ] 2025-05-18 14:46:12.150 [main] LoggerLoad - Editor Code is -->def search(input_list, num):
if(num in input_list):
print("Element Found")
\xc
\xc
else:
print("Not Found")
\xc
\xc
\xc
\xc
search([12, 23, 45, 67, 6, 90] , 12)
[INFO ] 2025-05-18 14:46:12.340 [main] LoggerLoad - Clicked the Run button.
[INFO ] 2025-05-18 14:46:12.496 [main] LoggerLoad - Browser closed successfully.
[INFO ] 2025-05-18 14:46:15.453 [main] LoggerLoad - Sign In Link on Homepage clicked
[INFO ] 2025-05-18 14:46:15.641 [main] LoggerLoad - Entered data from Excel
[INFO ] 2025-05-18 14:46:21.675 [main] LoggerLoad - ArrayTests Get Started Button clicked
[INFO ] 2025-05-18 14:46:22.017 [main] LoggerLoad - Clicking Arrays in Python link
[INFO ] 2025-05-18 14:46:22.222 [main] LoggerLoad - Practice Questions link clicked
[INFO ] 2025-05-18 14:46:23.021 [main] LoggerLoad - Clicking Max Consecutive Ones link
[INFO ] 2025-05-18 14:46:23.022 [main] LoggerLoad - Reading code from Excel sheet: pythonCode, Row: 2
[INFO ] 2025-05-18 14:46:23.261 [main] LoggerLoad - Browser closed successfully.
[INFO ] 2025-05-18 14:46:26.184 [main] LoggerLoad - Sign In Link on Homepage clicked
[INFO ] 2025-05-18 14:46:26.390 [main] LoggerLoad - Entered data from Excel
[INFO ] 2025-05-18 14:46:32.491 [main] LoggerLoad - ArrayTests Get Started Button clicked
[INFO ] 2025-05-18 14:46:32.812 [main] LoggerLoad - Clicking Arrays in Python link
[INFO ] 2025-05-18 14:46:33.012 [main] LoggerLoad - Practice Questions link clicked
[INFO ] 2025-05-18 14:46:33.859 [main] LoggerLoad - Clicking Max Consecutive Ones link
[INFO ] 2025-05-18 14:46:33.859 [main] LoggerLoad - Reading code from Excel sheet: pythonCode, Row: 3
[INFO ] 2025-05-18 14:46:34.006 [main] LoggerLoad - Browser closed successfully.
[INFO ] 2025-05-18 14:46:36.957 [main] LoggerLoad - Sign In Link on Homepage clicked
[INFO ] 2025-05-18 14:46:37.124 [main] LoggerLoad - Entered data from Excel
[INFO ] 2025-05-18 14:46:43.210 [main] LoggerLoad - ArrayTests Get Started Button clicked
[INFO ] 2025-05-18 14:46:43.585 [main] LoggerLoad - Clicking Arrays in Python link
[INFO ] 2025-05-18 14:46:43.805 [main] LoggerLoad - Practice Questions link clicked
[INFO ] 2025-05-18 14:46:44.428 [main] LoggerLoad - Clicking Find Numbers with Even Number of Digits link
[INFO ] 2025-05-18 14:46:44.428 [main] LoggerLoad - Reading code from Excel sheet: pythonCode, Row: 0
[INFO ] 2025-05-18 14:46:44.573 [main] LoggerLoad - Browser closed successfully.
[INFO ] 2025-05-18 14:46:47.458 [main] LoggerLoad - Sign In Link on Homepage clicked
[INFO ] 2025-05-18 14:46:47.632 [main] LoggerLoad - Entered data from Excel
[INFO ] 2025-05-18 14:46:53.831 [main] LoggerLoad - ArrayTests Get Started Button clicked
[INFO ] 2025-05-18 14:46:54.248 [main] LoggerLoad - Clicking Arrays in Python link
[INFO ] 2025-05-18 14:46:54.455 [main] LoggerLoad - Practice Questions link clicked
[INFO ] 2025-05-18 14:46:55.049 [main] LoggerLoad - Clicking Find Numbers with Even Number of Digits link
[INFO ] 2025-05-18 14:46:55.049 [main] LoggerLoad - Reading code from Excel sheet: pythonCode, Row: 1
[INFO ] 2025-05-18 14:46:55.201 [main] LoggerLoad - Browser closed successfully.
[INFO ] 2025-05-18 14:46:58.203 [main] LoggerLoad - Sign In Link on Homepage clicked
[INFO ] 2025-05-18 14:46:58.436 [main] LoggerLoad - Entered data from Excel
